<?xml version="1.0" encoding="utf-8"?>
<testResult>
  <executionState>Failed</executionState>
  <testsuites>
    <testsuite name="DEMO-81" tests="2" failures="2" time="314.2001027" timestamp="2018-07-08T21:40:13" id="39e747cd-8976-9c6c-69c9-1e4ab44eca0b" log="">
      <testcase name="IPVPN Manage Order Request - CWP" time="13.9310679" timestamp="2018-07-08T21:42:03.7551477+10:00" log="  Error IPVPN Manage Order Request - CWP&#xD;&#xA;+ Passed  Delete All Buffer Values {LogInfo='Successfully deleted all Buffers!'}&#xD;&#xA;&#xD;&#xA;+ Passed  Login Service&#xD;&#xA;+ Passed   userID&#xD;&#xA;+ Passed   password&#xD;&#xA;+ Passed   Endpoint&#xD;&#xA;&#xD;&#xA;+ Passed  Login Service Response {LogInfo='Server Response Time: 296 ms'}&#xD;&#xA;+ Passed   Token {LogInfo='Buffer with name: &quot;TokenID&quot; has been set to value: &quot;PFVFTT5LPTxrZXk+LnN5c3RlbS5lbnYuZW5jcnlwdGlvbi4wO0M9MTUzMTA1MDEyNTU5NztNPXNJWFRGeEUwN3lxRk1IZVV2bnpTaVYxZEc5S1A2VGVDVTFRNUhNdkxHQm9vRldFMmxGVGg2dmJZaURScElqSEQybkFjazFKclN9fXd1Z0RIVU5CcmEyMjs8L1VFTT4=&quot;',UsedValue='PFVFTT5LPTxrZXk+LnN5c3RlbS5lbnYuZW5jcnlwdGlvbi4wO0M9MTUzMTA1MDEyNTU5NztNPXNJWFRGeEUwN3lxRk1IZVV2bnpTaVYxZEc5S1A2VGVDVTFRNUhNdkxHQm9vRldFMmxGVGg2dmJZaURScElqSEQybkFjazFKclN9fXd1Z0RIVU5CcmEyMjs8L1VFTT4='}&#xD;&#xA;&#xD;&#xA;+ Passed  Create Buffers&#xD;&#xA;+ Passed   ExternalID {LogInfo='Buffer with name: &quot;ExternalID&quot; has been set to value: &quot;ON00056352&quot;',UsedValue='ON00056352'}&#xD;&#xA;+ Passed   Product Code_IPVPN {LogInfo='Buffer with name: &quot;Product Code_IPVPN&quot; has been set to value: &quot;PS_000028&quot;',UsedValue='PS_000028'}&#xD;&#xA;+ Passed   ProductID_IPVPN {LogInfo='Buffer with name: &quot;ProductID_IPVPN&quot; has been set to value: &quot;islg0u1b-6977-54m3-37a9-1g6927r6e5h2&quot;',UsedValue='islg0u1b-6977-54m3-37a9-1g6927r6e5h2'}&#xD;&#xA;+ Passed   RelatedPartyID {LogInfo='Buffer with name: &quot;RelatedPartyID&quot; has been set to value: &quot;6692982920&quot;',UsedValue='6692982920'}&#xD;&#xA;+ Passed   TCStartTime {LogInfo='Buffer with name: &quot;TCStartTime&quot; has been set to value: &quot;08/07/2018 09:42:06 PM&quot;',UsedValue='08/07/2018 09:42:06 PM'}&#xD;&#xA;+ Passed   OrderType {LogInfo='Buffer with name: &quot;OrderType&quot; has been set to value: &quot;Provide&quot;',UsedValue='Provide'}&#xD;&#xA;+ Passed   ProductCode_IPPORT_SITE1 {LogInfo='Buffer with name: &quot;ProductCode_IPPORT_SITE1&quot; has been set to value: &quot;PS_000030&quot;',UsedValue='PS_000030'}&#xD;&#xA;+ Passed   ProductCode_FIBERACCESS_SITE1 {LogInfo='Buffer with name: &quot;ProductCode_FIBERACCESS_SITE1&quot; has been set to value: &quot;PS_000027&quot;',UsedValue='PS_000027'}&#xD;&#xA;+ Passed   ProductCode_IPPORT_SITE2 {LogInfo='Buffer with name: &quot;ProductCode_IPPORT_SITE2&quot; has been set to value: &quot;PS_000030&quot;',UsedValue='PS_000030'}&#xD;&#xA;+ Passed   ProductCode_FIBERACCESS_SITE2 {LogInfo='Buffer with name: &quot;ProductCode_FIBERACCESS_SITE2&quot; has been set to value: &quot;PS_000027&quot;',UsedValue='PS_000027'}&#xD;&#xA;+ Passed   ProductCode_ROUTER_SITE1 {LogInfo='Buffer with name: &quot;ProductCode_ROUTER_SITE1&quot; has been set to value: &quot;PS_000073&quot;',UsedValue='PS_000073'}&#xD;&#xA;+ Passed   ProductCode_ROUTER_SITE2 {LogInfo='Buffer with name: &quot;ProductCode_ROUTER_SITE2&quot; has been set to value: &quot;PS_000073&quot;',UsedValue='PS_000073'}&#xD;&#xA;+ Passed   ProductCode_ROUTER_MAINTENANCE_SITE1 {LogInfo='Buffer with name: &quot;ProductCode_ROUTER_MAINTENANCE_SITE1&quot; has been set to value: &quot;PS_000076&quot;',UsedValue='PS_000076'}&#xD;&#xA;+ Passed   ParentSpec_Maintenance_ROUTER_SITE1 {LogInfo='Buffer with name: &quot;ParentSpec_Maintenance_ROUTER_SITE1&quot; has been set to value: &quot;PS_000073&quot;',UsedValue='PS_000073'}&#xD;&#xA;+ Passed   ProductCode_ROUTER_MANAGEMENT_SITE1 {LogInfo='Buffer with name: &quot;ProductCode_ROUTER_MANAGEMENT_SITE1&quot; has been set to value: &quot;PS_000077&quot;',UsedValue='PS_000077'}&#xD;&#xA;+ Passed   ParentSpec_Management_ROUTER_SITE1 {LogInfo='Buffer with name: &quot;ParentSpec_Management_ROUTER_SITE1&quot; has been set to value: &quot;PS_000073&quot;',UsedValue='PS_000073'}&#xD;&#xA;+ Passed   ChildSpec_ProductCode_ROUTER_SITE1 {LogInfo='Buffer with name: &quot;ChildSpec_ProductCode_ROUTER_SITE1&quot; has been set to value: &quot;PS_000076,PS_000077&quot;',UsedValue='PS_000076,PS_000077'}&#xD;&#xA;+ Passed   ProductCode_ROUTER_MAINTENANCE_SITE2 {LogInfo='Buffer with name: &quot;ProductCode_ROUTER_MAINTENANCE_SITE2&quot; has been set to value: &quot;PS_000076&quot;',UsedValue='PS_000076'}&#xD;&#xA;+ Passed   ParentSpec_Maintenance_ROUTER_SITE2 {LogInfo='Buffer with name: &quot;ParentSpec_Maintenance_ROUTER_SITE2&quot; has been set to value: &quot;PS_000073&quot;',UsedValue='PS_000073'}&#xD;&#xA;+ Passed   ChildSpec_ProductCode_ROUTER_SITE2 {LogInfo='Buffer with name: &quot;ChildSpec_ProductCode_ROUTER_SITE2&quot; has been set to value: &quot;PS_000076,PS_000077&quot;',UsedValue='PS_000076,PS_000077'}&#xD;&#xA;+ Passed   ProductCode_ROUTER_MANAGEMENT_SITE2 {LogInfo='Buffer with name: &quot;ProductCode_ROUTER_MANAGEMENT_SITE2&quot; has been set to value: &quot;PS_000077&quot;',UsedValue='PS_000077'}&#xD;&#xA;+ Passed   ParentSpec_Management_ROUTER_SITE2 {LogInfo='Buffer with name: &quot;ParentSpec_Management_ROUTER_SITE2&quot; has been set to value: &quot;PS_000073&quot;',UsedValue='PS_000073'}&#xD;&#xA;+ Passed   ProductID_IPPORT_SITE1 {LogInfo='Buffer with name: &quot;ProductID_IPPORT_SITE1&quot; has been set to value: &quot;6f618pe2-to52-6wp0-n6u1-3dm588ll0k0l&quot;',UsedValue='6f618pe2-to52-6wp0-n6u1-3dm588ll0k0l'}&#xD;&#xA;+ Passed   ProductID_FIBERACCESS_SITE1 {LogInfo='Buffer with name: &quot;ProductID_FIBERACCESS_SITE1&quot; has been set to value: &quot;1wp08vr3-tbrg-4bip-qc7d-ok7d86cbt5p3&quot;',UsedValue='1wp08vr3-tbrg-4bip-qc7d-ok7d86cbt5p3'}&#xD;&#xA;+ Passed   ProductID_IPPORT_SITE2 {LogInfo='Buffer with name: &quot;ProductID_IPPORT_SITE2&quot; has been set to value: &quot;e5c6l6pw-81n4-yg4b-emke-g857612udc73&quot;',UsedValue='e5c6l6pw-81n4-yg4b-emke-g857612udc73'}&#xD;&#xA;+ Passed   ProductID_FIBERACCESS_SITE2 {LogInfo='Buffer with name: &quot;ProductID_FIBERACCESS_SITE2&quot; has been set to value: &quot;254cltq5-ampc-l16z-yf78-8k274df58fb4&quot;',UsedValue='254cltq5-ampc-l16z-yf78-8k274df58fb4'}&#xD;&#xA;+ Passed   ProductID_ROUTER_MAINTENANCE_SITE1 {LogInfo='Buffer with name: &quot;ProductID_ROUTER_MAINTENANCE_SITE1&quot; has been set to value: &quot;66193twu-zn6p-60l4-27mr-yc25ms8n41mn&quot;',UsedValue='66193twu-zn6p-60l4-27mr-yc25ms8n41mn'}&#xD;&#xA;+ Passed   ProductID_ROUTER_MANAGEMENT_SITE1 {LogInfo='Buffer with name: &quot;ProductID_ROUTER_MANAGEMENT_SITE1&quot; has been set to value: &quot;4fpcj1do-pshj-xm3z-a816-l7dsp276aj66&quot;',UsedValue='4fpcj1do-pshj-xm3z-a816-l7dsp276aj66'}&#xD;&#xA;+ Passed   ProductID_ROUTER_SITE1 {LogInfo='Buffer with name: &quot;ProductID_ROUTER_SITE1&quot; has been set to value: &quot;u9sgh2zd-76t4-kd4u-8aa2-7o4g3f52hi08&quot;',UsedValue='u9sgh2zd-76t4-kd4u-8aa2-7o4g3f52hi08'}&#xD;&#xA;+ Passed   ProductID_ROUTER_MAINTENANCE_SITE2 {LogInfo='Buffer with name: &quot;ProductID_ROUTER_MAINTENANCE_SITE2&quot; has been set to value: &quot;m0s281yt-q8fn-5dwu-4hj3-2l4zv4481701&quot;',UsedValue='m0s281yt-q8fn-5dwu-4hj3-2l4zv4481701'}&#xD;&#xA;+ Passed   ProductID_ROUTER_MANAGEMENT_SITE2 {LogInfo='Buffer with name: &quot;ProductID_ROUTER_MANAGEMENT_SITE2&quot; has been set to value: &quot;3b3fly1d-57n8-slm9-mg0c-35tp2i62e577&quot;',UsedValue='3b3fly1d-57n8-slm9-mg0c-35tp2i62e577'}&#xD;&#xA;+ Passed   ProductID_ROUTER_SITE2 {LogInfo='Buffer with name: &quot;ProductID_ROUTER_SITE2&quot; has been set to value: &quot;oz8ewp92-po3g-34tl-463r-wr7331c6om97&quot;',UsedValue='oz8ewp92-po3g-34tl-463r-wr7331c6om97'}&#xD;&#xA;+ Passed   OrderItemID_IPVPN {LogInfo='Buffer with name: &quot;OrderItemID_IPVPN&quot; has been set to value: &quot;ON00056352|SVC-000025414|islg0u1b-6977-54m3-37a9-1g6927r6e5h2&quot;',UsedValue='ON00056352|SVC-000025414|islg0u1b-6977-54m3-37a9-1g6927r6e5h2'}&#xD;&#xA;+ Passed   ServiceID_SITE2 {LogInfo='Buffer with name: &quot;ServiceID_SITE2&quot; has been set to value: &quot;SVC-000023925&quot;',UsedValue='SVC-000023925'}&#xD;&#xA;+ Passed   OrderItemID_ROUTER_SITE1 {LogInfo='Buffer with name: &quot;OrderItemID_ROUTER_SITE1&quot; has been set to value: &quot;ON00056352|SVC-000024248|u9sgh2zd-76t4-kd4u-8aa2-7o4g3f52hi08&quot;',UsedValue='ON00056352|SVC-000024248|u9sgh2zd-76t4-kd4u-8aa2-7o4g3f52hi08'}&#xD;&#xA;+ Passed   OrderItemID_ROUTER_SITE2 {LogInfo='Buffer with name: &quot;OrderItemID_ROUTER_SITE2&quot; has been set to value: &quot;ON00056352|SVC-000019688|oz8ewp92-po3g-34tl-463r-wr7331c6om97&quot;',UsedValue='ON00056352|SVC-000019688|oz8ewp92-po3g-34tl-463r-wr7331c6om97'}&#xD;&#xA;+ Passed   ServiceID_SITE1 {LogInfo='Buffer with name: &quot;ServiceID_SITE1&quot; has been set to value: &quot;SVC-000030206&quot;',UsedValue='SVC-000030206'}&#xD;&#xA;+ Passed   OrderItemID_FIBERACCESS_SITE1 {LogInfo='Buffer with name: &quot;OrderItemID_FIBERACCESS_SITE1&quot; has been set to value: &quot;ON00056352|SVC-000030206|1wp08vr3-tbrg-4bip-qc7d-ok7d86cbt5p3&quot;',UsedValue='ON00056352|SVC-000030206|1wp08vr3-tbrg-4bip-qc7d-ok7d86cbt5p3'}&#xD;&#xA;+ Passed   OrderItemID_IPPORT_SITE2 {LogInfo='Buffer with name: &quot;OrderItemID_IPPORT_SITE2&quot; has been set to value: &quot;ON00056352|SVC-000023925|e5c6l6pw-81n4-yg4b-emke-g857612udc73&quot;',UsedValue='ON00056352|SVC-000023925|e5c6l6pw-81n4-yg4b-emke-g857612udc73'}&#xD;&#xA;+ Passed   OrderItemID_FIBERACCESS_SITE2 {LogInfo='Buffer with name: &quot;OrderItemID_FIBERACCESS_SITE2&quot; has been set to value: &quot;ON00056352|SVC-000023925|254cltq5-ampc-l16z-yf78-8k274df58fb4&quot;',UsedValue='ON00056352|SVC-000023925|254cltq5-ampc-l16z-yf78-8k274df58fb4'}&#xD;&#xA;+ Passed   OrderItemID_IPPORT_SITE1 {LogInfo='Buffer with name: &quot;OrderItemID_IPPORT_SITE1&quot; has been set to value: &quot;ON00056352|SVC-000030206|6f618pe2-to52-6wp0-n6u1-3dm588ll0k0l&quot;',UsedValue='ON00056352|SVC-000030206|6f618pe2-to52-6wp0-n6u1-3dm588ll0k0l'}&#xD;&#xA;+ Passed   Product {LogInfo='Buffer with name: &quot;Product&quot; has been set to value: &quot;''IP VPN'',''IPVAS'',''UC Enterprise'',''Enterprise Internet'',''TIPT Group'',''Access'',''MDI'',''Site''&quot;',UsedValue='''IP VPN'',''IPVAS'',''UC Enterprise'',''Enterprise Internet'',''TIPT Group'',''Access'',''MDI'',''Site'''}&#xD;&#xA;+ Passed   ProductCode_UCE {LogInfo='Buffer with name: &quot;ProductCode_UCE&quot; has been set to value: &quot;PS_000087&quot;',UsedValue='PS_000087'}&#xD;&#xA;+ Passed   ProductID_UCE {LogInfo='Buffer with name: &quot;ProductID_UCE&quot; has been set to value: &quot;p283271v-4p1r-45c7-fh37-85ph2n386ic2&quot;',UsedValue='p283271v-4p1r-45c7-fh37-85ph2n386ic2'}&#xD;&#xA;+ Passed   OrderItemID_UCE {LogInfo='Buffer with name: &quot;OrderItemID_UCE&quot; has been set to value: &quot;ON00056352|SVC-000010253|p283271v-4p1r-45c7-fh37-85ph2n386ic2&quot;',UsedValue='ON00056352|SVC-000010253|p283271v-4p1r-45c7-fh37-85ph2n386ic2'}&#xD;&#xA;+ Passed   ProductCode_IPVAS {LogInfo='Buffer with name: &quot;ProductCode_IPVAS&quot; has been set to value: &quot;PS_000106&quot;',UsedValue='PS_000106'}&#xD;&#xA;+ Passed   ProductID_IPVAS {LogInfo='Buffer with name: &quot;ProductID_IPVAS&quot; has been set to value: &quot;42rup4u5-f0c2-d7nd-os6l-uvbdinv74b21&quot;',UsedValue='42rup4u5-f0c2-d7nd-os6l-uvbdinv74b21'}&#xD;&#xA;+ Passed   OrderItemID_IPVAS {LogInfo='Buffer with name: &quot;OrderItemID_IPVAS&quot; has been set to value: &quot;ON00056352|SVC-000053763|42rup4u5-f0c2-d7nd-os6l-uvbdinv74b21&quot;',UsedValue='ON00056352|SVC-000053763|42rup4u5-f0c2-d7nd-os6l-uvbdinv74b21'}&#xD;&#xA;+ Passed   ProductCode_EI {LogInfo='Buffer with name: &quot;ProductCode_EI&quot; has been set to value: &quot;PS_000114&quot;',UsedValue='PS_000114'}&#xD;&#xA;+ Passed   ProductID_EI {LogInfo='Buffer with name: &quot;ProductID_EI&quot; has been set to value: &quot;i81qko2q-h642-r43s-gwl2-kw7387g229a2&quot;',UsedValue='i81qko2q-h642-r43s-gwl2-kw7387g229a2'}&#xD;&#xA;+ Passed   OrderItemID_EI {LogInfo='Buffer with name: &quot;OrderItemID_EI&quot; has been set to value: &quot;ON00056352|SVC-000057130|i81qko2q-h642-r43s-gwl2-kw7387g229a2&quot;',UsedValue='ON00056352|SVC-000057130|i81qko2q-h642-r43s-gwl2-kw7387g229a2'}&#xD;&#xA;+ Passed   ProductCode_UCS_SITE1 {LogInfo='Buffer with name: &quot;ProductCode_UCS_SITE1&quot; has been set to value: &quot;PS_000104&quot;',UsedValue='PS_000104'}&#xD;&#xA;+ Passed   ProductCode_VN_SITE1 {LogInfo='Buffer with name: &quot;ProductCode_VN_SITE1&quot; has been set to value: &quot;PS_000109&quot;',UsedValue='PS_000109'}&#xD;&#xA;+ Passed   ProductID_UCS_SITE1 {LogInfo='Buffer with name: &quot;ProductID_UCS_SITE1&quot; has been set to value: &quot;m6z179bc-u6ul-6f3i-y65h-85k9nexrx235&quot;',UsedValue='m6z179bc-u6ul-6f3i-y65h-85k9nexrx235'}&#xD;&#xA;+ Passed   ProductID_VN_SITE1 {LogInfo='Buffer with name: &quot;ProductID_VN_SITE1&quot; has been set to value: &quot;o30mai4d-4m4p-jcsd-wk75-44ti9u8o6pk6&quot;',UsedValue='o30mai4d-4m4p-jcsd-wk75-44ti9u8o6pk6'}&#xD;&#xA;+ Passed   ProductCode_User_SITE1 {LogInfo='Buffer with name: &quot;ProductCode_User_SITE1&quot; has been set to value: &quot;PS_000074&quot;',UsedValue='PS_000074'}&#xD;&#xA;+ Passed   ProductID_User_SITE1 {LogInfo='Buffer with name: &quot;ProductID_User_SITE1&quot; has been set to value: &quot;5k424j58-yutr-ty63-8kx3-6gf4bov4q47o&quot;',UsedValue='5k424j58-yutr-ty63-8kx3-6gf4bov4q47o'}&#xD;&#xA;+ Passed   ChildSpec_ProductCode_UCS_SITE1 {LogInfo='Buffer with name: &quot;ChildSpec_ProductCode_UCS_SITE1&quot; has been set to value: &quot;PS_000074,PS_000109&quot;',UsedValue='PS_000074,PS_000109'}&#xD;&#xA;+ Passed   OrderItemID_UCS_SITE1 {LogInfo='Buffer with name: &quot;OrderItemID_UCS_SITE1&quot; has been set to value: &quot;ON00056352|SVC-000045677|m6z179bc-u6ul-6f3i-y65h-85k9nexrx235&quot;',UsedValue='ON00056352|SVC-000045677|m6z179bc-u6ul-6f3i-y65h-85k9nexrx235'}&#xD;&#xA;+ Passed   AppoinmentStartDate_SITE2 {LogInfo='Buffer with name: &quot;AppoinmentStartDate_SITE2&quot; has been set to value: &quot;2018-03-11T21:00:00+11:00&quot;',UsedValue='2018-03-11T21:00:00+11:00'}&#xD;&#xA;+ Passed   AppoinmentEndDate_SITE2 {LogInfo='Buffer with name: &quot;AppoinmentEndDate_SITE2&quot; has been set to value: &quot;2018-03-11T23:00:00+11:00&quot;',UsedValue='2018-03-11T23:00:00+11:00'}&#xD;&#xA;+ Passed   AppoinmentID_SITE1 {LogInfo='Buffer with name: &quot;AppoinmentID_SITE1&quot; has been set to value: &quot;6767&quot;',UsedValue='6767'}&#xD;&#xA;+ Passed   BillofMaterialID {LogInfo='Buffer with name: &quot;BillofMaterialID&quot; has been set to value: &quot;33c60afa-9903-4b76-b5a1-b4ac95e0bbb0&quot;',UsedValue='33c60afa-9903-4b76-b5a1-b4ac95e0bbb0'}&#xD;&#xA;+ Passed   CPEDeliveryDate {LogInfo='Buffer with name: &quot;CPEDeliveryDate&quot; has been set to value: &quot;2018-03-19&quot;',UsedValue='2018-03-19'}&#xD;&#xA;+ Passed   ProductCode_UCS_SITE2 {LogInfo='Buffer with name: &quot;ProductCode_UCS_SITE2&quot; has been set to value: &quot;PS_000104&quot;',UsedValue='PS_000104'}&#xD;&#xA;+ Passed   ProductCode_VN_SITE2 {LogInfo='Buffer with name: &quot;ProductCode_VN_SITE2&quot; has been set to value: &quot;PS_000109&quot;',UsedValue='PS_000109'}&#xD;&#xA;+ Passed   ProductID_UCS_SITE2 {LogInfo='Buffer with name: &quot;ProductID_UCS_SITE2&quot; has been set to value: &quot;i2n19134-r1c2-1s8w-54w3-8j8rc4dc452o&quot;',UsedValue='i2n19134-r1c2-1s8w-54w3-8j8rc4dc452o'}&#xD;&#xA;+ Passed   ProductID_VN_SITE2 {LogInfo='Buffer with name: &quot;ProductID_VN_SITE2&quot; has been set to value: &quot;30x8h2ih-87g4-6x96-52ps-tjr3df4f2q9b&quot;',UsedValue='30x8h2ih-87g4-6x96-52ps-tjr3df4f2q9b'}&#xD;&#xA;+ Passed   ProductCode_User_SITE2 {LogInfo='Buffer with name: &quot;ProductCode_User_SITE2&quot; has been set to value: &quot;PS_000074&quot;',UsedValue='PS_000074'}&#xD;&#xA;+ Passed   ProductID_User_SITE2 {LogInfo='Buffer with name: &quot;ProductID_User_SITE2&quot; has been set to value: &quot;7a16oo46-k86k-vwq0-6x7y-223fe8ldvk0g&quot;',UsedValue='7a16oo46-k86k-vwq0-6x7y-223fe8ldvk0g'}&#xD;&#xA;+ Passed   ChildSpec_ProductCode_UCS_SITE2 {LogInfo='Buffer with name: &quot;ChildSpec_ProductCode_UCS_SITE2&quot; has been set to value: &quot;PS_000074,PS_000109&quot;',UsedValue='PS_000074,PS_000109'}&#xD;&#xA;+ Passed   OrderItemID_UCS_SITE2 {LogInfo='Buffer with name: &quot;OrderItemID_UCS_SITE2&quot; has been set to value: &quot;ON00056352|SVC-000084524|i2n19134-r1c2-1s8w-54w3-8j8rc4dc452o&quot;',UsedValue='ON00056352|SVC-000084524|i2n19134-r1c2-1s8w-54w3-8j8rc4dc452o'}&#xD;&#xA;+ Passed   AppoinmentID_SITE2 {LogInfo='Buffer with name: &quot;AppoinmentID_SITE2&quot; has been set to value: &quot;888&quot;',UsedValue='888'}&#xD;&#xA;+ Passed   orderCreationDate {LogInfo='Buffer with name: &quot;orderCreationDate&quot; has been set to value: &quot;2018-03-12T09:47TZD&quot;',UsedValue='2018-03-12T09:47TZD'}&#xD;&#xA;+ Passed   AppoinmentStartDate_SITE1 {LogInfo='Buffer with name: &quot;AppoinmentStartDate_SITE1&quot; has been set to value: &quot;2018-03-11T21:00:00+11:00&quot;',UsedValue='2018-03-11T21:00:00+11:00'}&#xD;&#xA;+ Passed   AppoinmentEndDate_SITE1 {LogInfo='Buffer with name: &quot;AppoinmentEndDate_SITE1&quot; has been set to value: &quot;2018-03-11T23:00:00+11:00&quot;',UsedValue='2018-03-11T23:00:00+11:00'}&#xD;&#xA;+ Passed   NoOfSites {LogInfo='Buffer with name: &quot;NoOfSites&quot; has been set to value: &quot;2&quot;',UsedValue='2'}&#xD;&#xA;&#xD;&#xA;+ Passed  IPVPN MultiSite Manager Order Request(14/03/2018)&#xD;&#xA;+ Passed   Request&#xD;&#xA;+ Passed   Communicate&#xD;&#xA;&#xD;&#xA;+ Passed  Buffer Environment and  Delay Reason&#xD;&#xA;+ Passed   Environment {LogInfo='Buffer with name: &quot;Environment&quot; has been set to value: &quot;ConnectedDev&quot;',UsedValue='ConnectedDev'}&#xD;&#xA;+ Passed   ParentTestCase {LogInfo='Buffer with name: &quot;ParentTestCase&quot; has been set to value: &quot;IPVPN Manage Order Request - CWP-ConnectedDev&quot;',UsedValue='IPVPN Manage Order Request - CWP-ConnectedDev'}&#xD;&#xA;&#xD;&#xA;+ Passed  Set SyncTime&#xD;&#xA;+ Passed   DefaultSyncTime {LogInfo='Buffer with name: &quot;DefaultSyncTime&quot; has been set to value: &quot;80000&quot;',UsedValue='80000'}&#xD;&#xA;+ Passed   ReducedSyncTime {LogInfo='Buffer with name: &quot;ReducedSyncTime&quot; has been set to value: &quot;6000&quot;',UsedValue='6000'}&#xD;&#xA;+ Passed   SyncTime {LogInfo='Buffer with name: &quot;SyncTime&quot; has been set to value: &quot;80000&quot;',UsedValue='80000'}&#xD;&#xA;&#xD;&#xA;+ Passed  Set Browser&#xD;&#xA;+ Passed   Browser {LogInfo='Buffer with name: &quot;Browser&quot; has been set to value: &quot;InternetExplorer&quot;',UsedValue='InternetExplorer'}&#xD;&#xA;&#xD;&#xA;+ Passed  Close all open IE Session {LogInfo='Started 'taskkill' with arguments '/im iexplore.exe /f''}&#xD;&#xA;+ Passed   Path {LogInfo='Process stopped after '0' minutes.'}&#xD;&#xA;&#xD;&#xA;+ Passed  Wait for IE to Close {LogInfo='Waited for &gt;2000&lt; milliseconds.'}&#xD;&#xA;&#xD;&#xA;  Error  Open IE with Amdocs URL {LogInfo='No TestConfigurationParameter with the key name 'AmdocsURL' was found!'}&#xD;&#xA;&#xD;&#xA;">
        <failure message="Test failure">  Error IPVPN Manage Order Request - CWP
+ Passed  Delete All Buffer Values {LogInfo='Successfully deleted all Buffers!'}

+ Passed  Login Service
+ Passed   userID
+ Passed   password
+ Passed   Endpoint

+ Passed  Login Service Response {LogInfo='Server Response Time: 296 ms'}
+ Passed   Token {LogInfo='Buffer with name: "TokenID" has been set to value: "PFVFTT5LPTxrZXk+LnN5c3RlbS5lbnYuZW5jcnlwdGlvbi4wO0M9MTUzMTA1MDEyNTU5NztNPXNJWFRGeEUwN3lxRk1IZVV2bnpTaVYxZEc5S1A2VGVDVTFRNUhNdkxHQm9vRldFMmxGVGg2dmJZaURScElqSEQybkFjazFKclN9fXd1Z0RIVU5CcmEyMjs8L1VFTT4="',UsedValue='PFVFTT5LPTxrZXk+LnN5c3RlbS5lbnYuZW5jcnlwdGlvbi4wO0M9MTUzMTA1MDEyNTU5NztNPXNJWFRGeEUwN3lxRk1IZVV2bnpTaVYxZEc5S1A2VGVDVTFRNUhNdkxHQm9vRldFMmxGVGg2dmJZaURScElqSEQybkFjazFKclN9fXd1Z0RIVU5CcmEyMjs8L1VFTT4='}

+ Passed  Create Buffers
+ Passed   ExternalID {LogInfo='Buffer with name: "ExternalID" has been set to value: "ON00056352"',UsedValue='ON00056352'}
+ Passed   Product Code_IPVPN {LogInfo='Buffer with name: "Product Code_IPVPN" has been set to value: "PS_000028"',UsedValue='PS_000028'}
+ Passed   ProductID_IPVPN {LogInfo='Buffer with name: "ProductID_IPVPN" has been set to value: "islg0u1b-6977-54m3-37a9-1g6927r6e5h2"',UsedValue='islg0u1b-6977-54m3-37a9-1g6927r6e5h2'}
+ Passed   RelatedPartyID {LogInfo='Buffer with name: "RelatedPartyID" has been set to value: "6692982920"',UsedValue='6692982920'}
+ Passed   TCStartTime {LogInfo='Buffer with name: "TCStartTime" has been set to value: "08/07/2018 09:42:06 PM"',UsedValue='08/07/2018 09:42:06 PM'}
+ Passed   OrderType {LogInfo='Buffer with name: "OrderType" has been set to value: "Provide"',UsedValue='Provide'}
+ Passed   ProductCode_IPPORT_SITE1 {LogInfo='Buffer with name: "ProductCode_IPPORT_SITE1" has been set to value: "PS_000030"',UsedValue='PS_000030'}
+ Passed   ProductCode_FIBERACCESS_SITE1 {LogInfo='Buffer with name: "ProductCode_FIBERACCESS_SITE1" has been set to value: "PS_000027"',UsedValue='PS_000027'}
+ Passed   ProductCode_IPPORT_SITE2 {LogInfo='Buffer with name: "ProductCode_IPPORT_SITE2" has been set to value: "PS_000030"',UsedValue='PS_000030'}
+ Passed   ProductCode_FIBERACCESS_SITE2 {LogInfo='Buffer with name: "ProductCode_FIBERACCESS_SITE2" has been set to value: "PS_000027"',UsedValue='PS_000027'}
+ Passed   ProductCode_ROUTER_SITE1 {LogInfo='Buffer with name: "ProductCode_ROUTER_SITE1" has been set to value: "PS_000073"',UsedValue='PS_000073'}
+ Passed   ProductCode_ROUTER_SITE2 {LogInfo='Buffer with name: "ProductCode_ROUTER_SITE2" has been set to value: "PS_000073"',UsedValue='PS_000073'}
+ Passed   ProductCode_ROUTER_MAINTENANCE_SITE1 {LogInfo='Buffer with name: "ProductCode_ROUTER_MAINTENANCE_SITE1" has been set to value: "PS_000076"',UsedValue='PS_000076'}
+ Passed   ParentSpec_Maintenance_ROUTER_SITE1 {LogInfo='Buffer with name: "ParentSpec_Maintenance_ROUTER_SITE1" has been set to value: "PS_000073"',UsedValue='PS_000073'}
+ Passed   ProductCode_ROUTER_MANAGEMENT_SITE1 {LogInfo='Buffer with name: "ProductCode_ROUTER_MANAGEMENT_SITE1" has been set to value: "PS_000077"',UsedValue='PS_000077'}
+ Passed   ParentSpec_Management_ROUTER_SITE1 {LogInfo='Buffer with name: "ParentSpec_Management_ROUTER_SITE1" has been set to value: "PS_000073"',UsedValue='PS_000073'}
+ Passed   ChildSpec_ProductCode_ROUTER_SITE1 {LogInfo='Buffer with name: "ChildSpec_ProductCode_ROUTER_SITE1" has been set to value: "PS_000076,PS_000077"',UsedValue='PS_000076,PS_000077'}
+ Passed   ProductCode_ROUTER_MAINTENANCE_SITE2 {LogInfo='Buffer with name: "ProductCode_ROUTER_MAINTENANCE_SITE2" has been set to value: "PS_000076"',UsedValue='PS_000076'}
+ Passed   ParentSpec_Maintenance_ROUTER_SITE2 {LogInfo='Buffer with name: "ParentSpec_Maintenance_ROUTER_SITE2" has been set to value: "PS_000073"',UsedValue='PS_000073'}
+ Passed   ChildSpec_ProductCode_ROUTER_SITE2 {LogInfo='Buffer with name: "ChildSpec_ProductCode_ROUTER_SITE2" has been set to value: "PS_000076,PS_000077"',UsedValue='PS_000076,PS_000077'}
+ Passed   ProductCode_ROUTER_MANAGEMENT_SITE2 {LogInfo='Buffer with name: "ProductCode_ROUTER_MANAGEMENT_SITE2" has been set to value: "PS_000077"',UsedValue='PS_000077'}
+ Passed   ParentSpec_Management_ROUTER_SITE2 {LogInfo='Buffer with name: "ParentSpec_Management_ROUTER_SITE2" has been set to value: "PS_000073"',UsedValue='PS_000073'}
+ Passed   ProductID_IPPORT_SITE1 {LogInfo='Buffer with name: "ProductID_IPPORT_SITE1" has been set to value: "6f618pe2-to52-6wp0-n6u1-3dm588ll0k0l"',UsedValue='6f618pe2-to52-6wp0-n6u1-3dm588ll0k0l'}
+ Passed   ProductID_FIBERACCESS_SITE1 {LogInfo='Buffer with name: "ProductID_FIBERACCESS_SITE1" has been set to value: "1wp08vr3-tbrg-4bip-qc7d-ok7d86cbt5p3"',UsedValue='1wp08vr3-tbrg-4bip-qc7d-ok7d86cbt5p3'}
+ Passed   ProductID_IPPORT_SITE2 {LogInfo='Buffer with name: "ProductID_IPPORT_SITE2" has been set to value: "e5c6l6pw-81n4-yg4b-emke-g857612udc73"',UsedValue='e5c6l6pw-81n4-yg4b-emke-g857612udc73'}
+ Passed   ProductID_FIBERACCESS_SITE2 {LogInfo='Buffer with name: "ProductID_FIBERACCESS_SITE2" has been set to value: "254cltq5-ampc-l16z-yf78-8k274df58fb4"',UsedValue='254cltq5-ampc-l16z-yf78-8k274df58fb4'}
+ Passed   ProductID_ROUTER_MAINTENANCE_SITE1 {LogInfo='Buffer with name: "ProductID_ROUTER_MAINTENANCE_SITE1" has been set to value: "66193twu-zn6p-60l4-27mr-yc25ms8n41mn"',UsedValue='66193twu-zn6p-60l4-27mr-yc25ms8n41mn'}
+ Passed   ProductID_ROUTER_MANAGEMENT_SITE1 {LogInfo='Buffer with name: "ProductID_ROUTER_MANAGEMENT_SITE1" has been set to value: "4fpcj1do-pshj-xm3z-a816-l7dsp276aj66"',UsedValue='4fpcj1do-pshj-xm3z-a816-l7dsp276aj66'}
+ Passed   ProductID_ROUTER_SITE1 {LogInfo='Buffer with name: "ProductID_ROUTER_SITE1" has been set to value: "u9sgh2zd-76t4-kd4u-8aa2-7o4g3f52hi08"',UsedValue='u9sgh2zd-76t4-kd4u-8aa2-7o4g3f52hi08'}
+ Passed   ProductID_ROUTER_MAINTENANCE_SITE2 {LogInfo='Buffer with name: "ProductID_ROUTER_MAINTENANCE_SITE2" has been set to value: "m0s281yt-q8fn-5dwu-4hj3-2l4zv4481701"',UsedValue='m0s281yt-q8fn-5dwu-4hj3-2l4zv4481701'}
+ Passed   ProductID_ROUTER_MANAGEMENT_SITE2 {LogInfo='Buffer with name: "ProductID_ROUTER_MANAGEMENT_SITE2" has been set to value: "3b3fly1d-57n8-slm9-mg0c-35tp2i62e577"',UsedValue='3b3fly1d-57n8-slm9-mg0c-35tp2i62e577'}
+ Passed   ProductID_ROUTER_SITE2 {LogInfo='Buffer with name: "ProductID_ROUTER_SITE2" has been set to value: "oz8ewp92-po3g-34tl-463r-wr7331c6om97"',UsedValue='oz8ewp92-po3g-34tl-463r-wr7331c6om97'}
+ Passed   OrderItemID_IPVPN {LogInfo='Buffer with name: "OrderItemID_IPVPN" has been set to value: "ON00056352|SVC-000025414|islg0u1b-6977-54m3-37a9-1g6927r6e5h2"',UsedValue='ON00056352|SVC-000025414|islg0u1b-6977-54m3-37a9-1g6927r6e5h2'}
+ Passed   ServiceID_SITE2 {LogInfo='Buffer with name: "ServiceID_SITE2" has been set to value: "SVC-000023925"',UsedValue='SVC-000023925'}
+ Passed   OrderItemID_ROUTER_SITE1 {LogInfo='Buffer with name: "OrderItemID_ROUTER_SITE1" has been set to value: "ON00056352|SVC-000024248|u9sgh2zd-76t4-kd4u-8aa2-7o4g3f52hi08"',UsedValue='ON00056352|SVC-000024248|u9sgh2zd-76t4-kd4u-8aa2-7o4g3f52hi08'}
+ Passed   OrderItemID_ROUTER_SITE2 {LogInfo='Buffer with name: "OrderItemID_ROUTER_SITE2" has been set to value: "ON00056352|SVC-000019688|oz8ewp92-po3g-34tl-463r-wr7331c6om97"',UsedValue='ON00056352|SVC-000019688|oz8ewp92-po3g-34tl-463r-wr7331c6om97'}
+ Passed   ServiceID_SITE1 {LogInfo='Buffer with name: "ServiceID_SITE1" has been set to value: "SVC-000030206"',UsedValue='SVC-000030206'}
+ Passed   OrderItemID_FIBERACCESS_SITE1 {LogInfo='Buffer with name: "OrderItemID_FIBERACCESS_SITE1" has been set to value: "ON00056352|SVC-000030206|1wp08vr3-tbrg-4bip-qc7d-ok7d86cbt5p3"',UsedValue='ON00056352|SVC-000030206|1wp08vr3-tbrg-4bip-qc7d-ok7d86cbt5p3'}
+ Passed   OrderItemID_IPPORT_SITE2 {LogInfo='Buffer with name: "OrderItemID_IPPORT_SITE2" has been set to value: "ON00056352|SVC-000023925|e5c6l6pw-81n4-yg4b-emke-g857612udc73"',UsedValue='ON00056352|SVC-000023925|e5c6l6pw-81n4-yg4b-emke-g857612udc73'}
+ Passed   OrderItemID_FIBERACCESS_SITE2 {LogInfo='Buffer with name: "OrderItemID_FIBERACCESS_SITE2" has been set to value: "ON00056352|SVC-000023925|254cltq5-ampc-l16z-yf78-8k274df58fb4"',UsedValue='ON00056352|SVC-000023925|254cltq5-ampc-l16z-yf78-8k274df58fb4'}
+ Passed   OrderItemID_IPPORT_SITE1 {LogInfo='Buffer with name: "OrderItemID_IPPORT_SITE1" has been set to value: "ON00056352|SVC-000030206|6f618pe2-to52-6wp0-n6u1-3dm588ll0k0l"',UsedValue='ON00056352|SVC-000030206|6f618pe2-to52-6wp0-n6u1-3dm588ll0k0l'}
+ Passed   Product {LogInfo='Buffer with name: "Product" has been set to value: "''IP VPN'',''IPVAS'',''UC Enterprise'',''Enterprise Internet'',''TIPT Group'',''Access'',''MDI'',''Site''"',UsedValue='''IP VPN'',''IPVAS'',''UC Enterprise'',''Enterprise Internet'',''TIPT Group'',''Access'',''MDI'',''Site'''}
+ Passed   ProductCode_UCE {LogInfo='Buffer with name: "ProductCode_UCE" has been set to value: "PS_000087"',UsedValue='PS_000087'}
+ Passed   ProductID_UCE {LogInfo='Buffer with name: "ProductID_UCE" has been set to value: "p283271v-4p1r-45c7-fh37-85ph2n386ic2"',UsedValue='p283271v-4p1r-45c7-fh37-85ph2n386ic2'}
+ Passed   OrderItemID_UCE {LogInfo='Buffer with name: "OrderItemID_UCE" has been set to value: "ON00056352|SVC-000010253|p283271v-4p1r-45c7-fh37-85ph2n386ic2"',UsedValue='ON00056352|SVC-000010253|p283271v-4p1r-45c7-fh37-85ph2n386ic2'}
+ Passed   ProductCode_IPVAS {LogInfo='Buffer with name: "ProductCode_IPVAS" has been set to value: "PS_000106"',UsedValue='PS_000106'}
+ Passed   ProductID_IPVAS {LogInfo='Buffer with name: "ProductID_IPVAS" has been set to value: "42rup4u5-f0c2-d7nd-os6l-uvbdinv74b21"',UsedValue='42rup4u5-f0c2-d7nd-os6l-uvbdinv74b21'}
+ Passed   OrderItemID_IPVAS {LogInfo='Buffer with name: "OrderItemID_IPVAS" has been set to value: "ON00056352|SVC-000053763|42rup4u5-f0c2-d7nd-os6l-uvbdinv74b21"',UsedValue='ON00056352|SVC-000053763|42rup4u5-f0c2-d7nd-os6l-uvbdinv74b21'}
+ Passed   ProductCode_EI {LogInfo='Buffer with name: "ProductCode_EI" has been set to value: "PS_000114"',UsedValue='PS_000114'}
+ Passed   ProductID_EI {LogInfo='Buffer with name: "ProductID_EI" has been set to value: "i81qko2q-h642-r43s-gwl2-kw7387g229a2"',UsedValue='i81qko2q-h642-r43s-gwl2-kw7387g229a2'}
+ Passed   OrderItemID_EI {LogInfo='Buffer with name: "OrderItemID_EI" has been set to value: "ON00056352|SVC-000057130|i81qko2q-h642-r43s-gwl2-kw7387g229a2"',UsedValue='ON00056352|SVC-000057130|i81qko2q-h642-r43s-gwl2-kw7387g229a2'}
+ Passed   ProductCode_UCS_SITE1 {LogInfo='Buffer with name: "ProductCode_UCS_SITE1" has been set to value: "PS_000104"',UsedValue='PS_000104'}
+ Passed   ProductCode_VN_SITE1 {LogInfo='Buffer with name: "ProductCode_VN_SITE1" has been set to value: "PS_000109"',UsedValue='PS_000109'}
+ Passed   ProductID_UCS_SITE1 {LogInfo='Buffer with name: "ProductID_UCS_SITE1" has been set to value: "m6z179bc-u6ul-6f3i-y65h-85k9nexrx235"',UsedValue='m6z179bc-u6ul-6f3i-y65h-85k9nexrx235'}
+ Passed   ProductID_VN_SITE1 {LogInfo='Buffer with name: "ProductID_VN_SITE1" has been set to value: "o30mai4d-4m4p-jcsd-wk75-44ti9u8o6pk6"',UsedValue='o30mai4d-4m4p-jcsd-wk75-44ti9u8o6pk6'}
+ Passed   ProductCode_User_SITE1 {LogInfo='Buffer with name: "ProductCode_User_SITE1" has been set to value: "PS_000074"',UsedValue='PS_000074'}
+ Passed   ProductID_User_SITE1 {LogInfo='Buffer with name: "ProductID_User_SITE1" has been set to value: "5k424j58-yutr-ty63-8kx3-6gf4bov4q47o"',UsedValue='5k424j58-yutr-ty63-8kx3-6gf4bov4q47o'}
+ Passed   ChildSpec_ProductCode_UCS_SITE1 {LogInfo='Buffer with name: "ChildSpec_ProductCode_UCS_SITE1" has been set to value: "PS_000074,PS_000109"',UsedValue='PS_000074,PS_000109'}
+ Passed   OrderItemID_UCS_SITE1 {LogInfo='Buffer with name: "OrderItemID_UCS_SITE1" has been set to value: "ON00056352|SVC-000045677|m6z179bc-u6ul-6f3i-y65h-85k9nexrx235"',UsedValue='ON00056352|SVC-000045677|m6z179bc-u6ul-6f3i-y65h-85k9nexrx235'}
+ Passed   AppoinmentStartDate_SITE2 {LogInfo='Buffer with name: "AppoinmentStartDate_SITE2" has been set to value: "2018-03-11T21:00:00+11:00"',UsedValue='2018-03-11T21:00:00+11:00'}
+ Passed   AppoinmentEndDate_SITE2 {LogInfo='Buffer with name: "AppoinmentEndDate_SITE2" has been set to value: "2018-03-11T23:00:00+11:00"',UsedValue='2018-03-11T23:00:00+11:00'}
+ Passed   AppoinmentID_SITE1 {LogInfo='Buffer with name: "AppoinmentID_SITE1" has been set to value: "6767"',UsedValue='6767'}
+ Passed   BillofMaterialID {LogInfo='Buffer with name: "BillofMaterialID" has been set to value: "33c60afa-9903-4b76-b5a1-b4ac95e0bbb0"',UsedValue='33c60afa-9903-4b76-b5a1-b4ac95e0bbb0'}
+ Passed   CPEDeliveryDate {LogInfo='Buffer with name: "CPEDeliveryDate" has been set to value: "2018-03-19"',UsedValue='2018-03-19'}
+ Passed   ProductCode_UCS_SITE2 {LogInfo='Buffer with name: "ProductCode_UCS_SITE2" has been set to value: "PS_000104"',UsedValue='PS_000104'}
+ Passed   ProductCode_VN_SITE2 {LogInfo='Buffer with name: "ProductCode_VN_SITE2" has been set to value: "PS_000109"',UsedValue='PS_000109'}
+ Passed   ProductID_UCS_SITE2 {LogInfo='Buffer with name: "ProductID_UCS_SITE2" has been set to value: "i2n19134-r1c2-1s8w-54w3-8j8rc4dc452o"',UsedValue='i2n19134-r1c2-1s8w-54w3-8j8rc4dc452o'}
+ Passed   ProductID_VN_SITE2 {LogInfo='Buffer with name: "ProductID_VN_SITE2" has been set to value: "30x8h2ih-87g4-6x96-52ps-tjr3df4f2q9b"',UsedValue='30x8h2ih-87g4-6x96-52ps-tjr3df4f2q9b'}
+ Passed   ProductCode_User_SITE2 {LogInfo='Buffer with name: "ProductCode_User_SITE2" has been set to value: "PS_000074"',UsedValue='PS_000074'}
+ Passed   ProductID_User_SITE2 {LogInfo='Buffer with name: "ProductID_User_SITE2" has been set to value: "7a16oo46-k86k-vwq0-6x7y-223fe8ldvk0g"',UsedValue='7a16oo46-k86k-vwq0-6x7y-223fe8ldvk0g'}
+ Passed   ChildSpec_ProductCode_UCS_SITE2 {LogInfo='Buffer with name: "ChildSpec_ProductCode_UCS_SITE2" has been set to value: "PS_000074,PS_000109"',UsedValue='PS_000074,PS_000109'}
+ Passed   OrderItemID_UCS_SITE2 {LogInfo='Buffer with name: "OrderItemID_UCS_SITE2" has been set to value: "ON00056352|SVC-000084524|i2n19134-r1c2-1s8w-54w3-8j8rc4dc452o"',UsedValue='ON00056352|SVC-000084524|i2n19134-r1c2-1s8w-54w3-8j8rc4dc452o'}
+ Passed   AppoinmentID_SITE2 {LogInfo='Buffer with name: "AppoinmentID_SITE2" has been set to value: "888"',UsedValue='888'}
+ Passed   orderCreationDate {LogInfo='Buffer with name: "orderCreationDate" has been set to value: "2018-03-12T09:47TZD"',UsedValue='2018-03-12T09:47TZD'}
+ Passed   AppoinmentStartDate_SITE1 {LogInfo='Buffer with name: "AppoinmentStartDate_SITE1" has been set to value: "2018-03-11T21:00:00+11:00"',UsedValue='2018-03-11T21:00:00+11:00'}
+ Passed   AppoinmentEndDate_SITE1 {LogInfo='Buffer with name: "AppoinmentEndDate_SITE1" has been set to value: "2018-03-11T23:00:00+11:00"',UsedValue='2018-03-11T23:00:00+11:00'}
+ Passed   NoOfSites {LogInfo='Buffer with name: "NoOfSites" has been set to value: "2"',UsedValue='2'}

+ Passed  IPVPN MultiSite Manager Order Request(14/03/2018)
+ Passed   Request
+ Passed   Communicate

+ Passed  Buffer Environment and  Delay Reason
+ Passed   Environment {LogInfo='Buffer with name: "Environment" has been set to value: "ConnectedDev"',UsedValue='ConnectedDev'}
+ Passed   ParentTestCase {LogInfo='Buffer with name: "ParentTestCase" has been set to value: "IPVPN Manage Order Request - CWP-ConnectedDev"',UsedValue='IPVPN Manage Order Request - CWP-ConnectedDev'}

+ Passed  Set SyncTime
+ Passed   DefaultSyncTime {LogInfo='Buffer with name: "DefaultSyncTime" has been set to value: "80000"',UsedValue='80000'}
+ Passed   ReducedSyncTime {LogInfo='Buffer with name: "ReducedSyncTime" has been set to value: "6000"',UsedValue='6000'}
+ Passed   SyncTime {LogInfo='Buffer with name: "SyncTime" has been set to value: "80000"',UsedValue='80000'}

+ Passed  Set Browser
+ Passed   Browser {LogInfo='Buffer with name: "Browser" has been set to value: "InternetExplorer"',UsedValue='InternetExplorer'}

+ Passed  Close all open IE Session {LogInfo='Started 'taskkill' with arguments '/im iexplore.exe /f''}
+ Passed   Path {LogInfo='Process stopped after '0' minutes.'}

+ Passed  Wait for IE to Close {LogInfo='Waited for &gt;2000&lt; milliseconds.'}

  Error  Open IE with Amdocs URL {LogInfo='No TestConfigurationParameter with the key name 'AmdocsURL' was found!'}

</failure>
      </testcase>
      <testcase name="IPVPN Provide Multi Products -Validate Decomposition" time="164.8639704" timestamp="2018-07-08T21:42:25.7359704+10:00" log="- Failed IPVPN Provide Multi Products -Validate Decomposition {LogInfo='Execution will be continued with the next TestCase, because the error situation could not be recovered.'}&#xD;&#xA;+ Passed  Buffer Environment and  Delay Reason&#xD;&#xA;+ Passed   Environment {LogInfo='Buffer with name: &quot;Environment&quot; has been set to value: &quot;ConnectedDev&quot;',UsedValue='ConnectedDev'}&#xD;&#xA;+ Passed   ParentTestCase {LogInfo='Buffer with name: &quot;ParentTestCase&quot; has been set to value: &quot;IPVPN Manage Order Request - CWP-ConnectedDev&quot;',UsedValue='IPVPN Manage Order Request - CWP-ConnectedDev'}&#xD;&#xA;&#xD;&#xA;+ Passed  Set SyncTime&#xD;&#xA;+ Passed   DefaultSyncTime {LogInfo='Buffer with name: &quot;DefaultSyncTime&quot; has been set to value: &quot;80000&quot;',UsedValue='80000'}&#xD;&#xA;+ Passed   ReducedSyncTime {LogInfo='Buffer with name: &quot;ReducedSyncTime&quot; has been set to value: &quot;6000&quot;',UsedValue='6000'}&#xD;&#xA;+ Passed   SyncTime {LogInfo='Buffer with name: &quot;SyncTime&quot; has been set to value: &quot;80000&quot;',UsedValue='80000'}&#xD;&#xA;&#xD;&#xA;+ Passed  Set Browser&#xD;&#xA;+ Passed   Browser {LogInfo='Buffer with name: &quot;Browser&quot; has been set to value: &quot;InternetExplorer&quot;',UsedValue='InternetExplorer'}&#xD;&#xA;&#xD;&#xA;+ Passed  Verify Browser&#xD;&#xA;+ Passed   Browser {LogInfo='Verification was successful.&#xD;&#xA;Expected value == &quot;InternetExplorer&quot;&#xD;&#xA;Actual value: &quot;InternetExplorer&quot;',UsedValue='InternetExplorer'}&#xD;&#xA;&#xD;&#xA;+ Passed  Close all open IE Session {LogInfo='Started 'taskkill' with arguments '/im iexplore.exe /f''}&#xD;&#xA;+ Passed   Path {LogInfo='Process stopped after '0' minutes.'}&#xD;&#xA;&#xD;&#xA;+ Passed  Wait for IE to Close {LogInfo='Waited for &gt;2000&lt; milliseconds.'}&#xD;&#xA;&#xD;&#xA;+ Passed  Open IE with Amdocs URL {LogInfo='Started 'Iexplore.exe' with arguments 'https://som-b2b.staging2.nprod.cloud.corp.telstra.com:443/AmdocsOSS/Portal/''}&#xD;&#xA;&#xD;&#xA;+ Passed  Maximize the Screen&#xD;&#xA;&#xD;&#xA;+ Passed  Verify if Login Screen Exists&#xD;&#xA;+ Passed   Login {LogInfo='Verification was successful.&#xD;&#xA;Expected value == &quot;True&quot;&#xD;&#xA;Actual value: &quot;True&quot;',UsedValue='True'}&#xD;&#xA;&#xD;&#xA;+ Passed  Enter Credentials and Click Login&#xD;&#xA;+ Passed   Username {UsedValue='d698478'}&#xD;&#xA;+ Passed   Password {UsedValue='********'}&#xD;&#xA;+ Passed   Login&#xD;&#xA;&#xD;&#xA;+ Passed  Set SyncTime&#xD;&#xA;+ Passed   SyncTime {LogInfo='Buffer with name: &quot;SyncTime&quot; has been set to value: &quot;20000&quot;',UsedValue='20000'}&#xD;&#xA;&#xD;&#xA;- Failed  Verify SSO Page Exists {LogInfo='No matching tab was found.'}&#xD;&#xA;&#xD;&#xA;+ Passed  Set SyncTime&#xD;&#xA;+ Passed   SyncTime {LogInfo='Buffer with name: &quot;SyncTime&quot; has been set to value: &quot;80000&quot;',UsedValue='80000'}&#xD;&#xA;&#xD;&#xA;+ Passed  Wait for Order in AMDOCS {LogInfo='Waited for &gt;20000&lt; milliseconds.'}&#xD;&#xA;&#xD;&#xA;- Failed  Wait On Projects {LogInfo='No matching tab was found.'}&#xD;&#xA;&#xD;&#xA;+ Passed  Update Inuse as Yes in O2A Dashboard {LogInfo='Successfully executed &quot;update dashboard_o2a set inuse = null where externalid = 'ON00056352' and testcasename = 'IPVPN Manage Order Request - CWP-ConnectedDev'&quot;.&#xD;&#xA;0 row(s) affected.'}&#xD;&#xA;+ Passed   Close connection {LogInfo='Successfully closed connection: &quot;TelstraEdge&quot;.'}&#xD;&#xA;&#xD;&#xA;">
        <failure message="Test failure">- Failed IPVPN Provide Multi Products -Validate Decomposition {LogInfo='Execution will be continued with the next TestCase, because the error situation could not be recovered.'}
+ Passed  Buffer Environment and  Delay Reason
+ Passed   Environment {LogInfo='Buffer with name: "Environment" has been set to value: "ConnectedDev"',UsedValue='ConnectedDev'}
+ Passed   ParentTestCase {LogInfo='Buffer with name: "ParentTestCase" has been set to value: "IPVPN Manage Order Request - CWP-ConnectedDev"',UsedValue='IPVPN Manage Order Request - CWP-ConnectedDev'}

+ Passed  Set SyncTime
+ Passed   DefaultSyncTime {LogInfo='Buffer with name: "DefaultSyncTime" has been set to value: "80000"',UsedValue='80000'}
+ Passed   ReducedSyncTime {LogInfo='Buffer with name: "ReducedSyncTime" has been set to value: "6000"',UsedValue='6000'}
+ Passed   SyncTime {LogInfo='Buffer with name: "SyncTime" has been set to value: "80000"',UsedValue='80000'}

+ Passed  Set Browser
+ Passed   Browser {LogInfo='Buffer with name: "Browser" has been set to value: "InternetExplorer"',UsedValue='InternetExplorer'}

+ Passed  Verify Browser
+ Passed   Browser {LogInfo='Verification was successful.
Expected value == "InternetExplorer"
Actual value: "InternetExplorer"',UsedValue='InternetExplorer'}

+ Passed  Close all open IE Session {LogInfo='Started 'taskkill' with arguments '/im iexplore.exe /f''}
+ Passed   Path {LogInfo='Process stopped after '0' minutes.'}

+ Passed  Wait for IE to Close {LogInfo='Waited for &gt;2000&lt; milliseconds.'}

+ Passed  Open IE with Amdocs URL {LogInfo='Started 'Iexplore.exe' with arguments 'https://som-b2b.staging2.nprod.cloud.corp.telstra.com:443/AmdocsOSS/Portal/''}

+ Passed  Maximize the Screen

+ Passed  Verify if Login Screen Exists
+ Passed   Login {LogInfo='Verification was successful.
Expected value == "True"
Actual value: "True"',UsedValue='True'}

+ Passed  Enter Credentials and Click Login
+ Passed   Username {UsedValue='d698478'}
+ Passed   Password {UsedValue='********'}
+ Passed   Login

+ Passed  Set SyncTime
+ Passed   SyncTime {LogInfo='Buffer with name: "SyncTime" has been set to value: "20000"',UsedValue='20000'}

- Failed  Verify SSO Page Exists {LogInfo='No matching tab was found.'}

+ Passed  Set SyncTime
+ Passed   SyncTime {LogInfo='Buffer with name: "SyncTime" has been set to value: "80000"',UsedValue='80000'}

+ Passed  Wait for Order in AMDOCS {LogInfo='Waited for &gt;20000&lt; milliseconds.'}

- Failed  Wait On Projects {LogInfo='No matching tab was found.'}

+ Passed  Update Inuse as Yes in O2A Dashboard {LogInfo='Successfully executed "update dashboard_o2a set inuse = null where externalid = 'ON00056352' and testcasename = 'IPVPN Manage Order Request - CWP-ConnectedDev'".
0 row(s) affected.'}
+ Passed   Close connection {LogInfo='Successfully closed connection: "TelstraEdge".'}

</failure>
      </testcase>
    </testsuite>
    <testsuite name="DEMO-82" tests="2" failures="1" time="274.2650546" timestamp="2018-07-08T21:46:37" id="39e747ce-55ec-75ca-fc86-c08b5a1d3593" log="">
      <testcase name="IPVPN Manage Order Request - CWP" time="11.9810304" timestamp="2018-07-08T21:47:54.3562899+10:00" log="+ Passed IPVPN Manage Order Request - CWP&#xD;&#xA;+ Passed  Delete All Buffer Values {LogInfo='Successfully deleted all Buffers!'}&#xD;&#xA;&#xD;&#xA;+ Passed  Login Service&#xD;&#xA;+ Passed   userID&#xD;&#xA;+ Passed   password&#xD;&#xA;+ Passed   Endpoint&#xD;&#xA;&#xD;&#xA;+ Passed  Login Service Response {LogInfo='Server Response Time: 140 ms'}&#xD;&#xA;+ Passed   Token {LogInfo='Buffer with name: &quot;TokenID&quot; has been set to value: &quot;PFVFTT5LPTxrZXk+LnN5c3RlbS5lbnYuZW5jcnlwdGlvbi4wO0M9MTUzMTA1MDQ3NjA2NztNPXNJWFRGeEUwN3lxRk1IZVV2bnpTaVYxZEc5S1A2VGVDVTFRNUhNdkxHQm9vRldFMmxGVGg2dmJZaURScElqSERkZkMyVkNFd0t7VHd1Z0RIVU5CcmEyMjs8L1VFTT4=&quot;',UsedValue='PFVFTT5LPTxrZXk+LnN5c3RlbS5lbnYuZW5jcnlwdGlvbi4wO0M9MTUzMTA1MDQ3NjA2NztNPXNJWFRGeEUwN3lxRk1IZVV2bnpTaVYxZEc5S1A2VGVDVTFRNUhNdkxHQm9vRldFMmxGVGg2dmJZaURScElqSERkZkMyVkNFd0t7VHd1Z0RIVU5CcmEyMjs8L1VFTT4='}&#xD;&#xA;&#xD;&#xA;+ Passed  Create Buffers&#xD;&#xA;+ Passed   ExternalID {LogInfo='Buffer with name: &quot;ExternalID&quot; has been set to value: &quot;ON00044597&quot;',UsedValue='ON00044597'}&#xD;&#xA;+ Passed   Product Code_IPVPN {LogInfo='Buffer with name: &quot;Product Code_IPVPN&quot; has been set to value: &quot;PS_000028&quot;',UsedValue='PS_000028'}&#xD;&#xA;+ Passed   ProductID_IPVPN {LogInfo='Buffer with name: &quot;ProductID_IPVPN&quot; has been set to value: &quot;z487vw21-3qqd-21fc-ghcp-gvix6z2mq0h7&quot;',UsedValue='z487vw21-3qqd-21fc-ghcp-gvix6z2mq0h7'}&#xD;&#xA;+ Passed   RelatedPartyID {LogInfo='Buffer with name: &quot;RelatedPartyID&quot; has been set to value: &quot;9135750076&quot;',UsedValue='9135750076'}&#xD;&#xA;+ Passed   TCStartTime {LogInfo='Buffer with name: &quot;TCStartTime&quot; has been set to value: &quot;08/07/2018 09:47:56 PM&quot;',UsedValue='08/07/2018 09:47:56 PM'}&#xD;&#xA;+ Passed   OrderType {LogInfo='Buffer with name: &quot;OrderType&quot; has been set to value: &quot;Provide&quot;',UsedValue='Provide'}&#xD;&#xA;+ Passed   ProductCode_IPPORT_SITE1 {LogInfo='Buffer with name: &quot;ProductCode_IPPORT_SITE1&quot; has been set to value: &quot;PS_000030&quot;',UsedValue='PS_000030'}&#xD;&#xA;+ Passed   ProductCode_FIBERACCESS_SITE1 {LogInfo='Buffer with name: &quot;ProductCode_FIBERACCESS_SITE1&quot; has been set to value: &quot;PS_000027&quot;',UsedValue='PS_000027'}&#xD;&#xA;+ Passed   ProductCode_IPPORT_SITE2 {LogInfo='Buffer with name: &quot;ProductCode_IPPORT_SITE2&quot; has been set to value: &quot;PS_000030&quot;',UsedValue='PS_000030'}&#xD;&#xA;+ Passed   ProductCode_FIBERACCESS_SITE2 {LogInfo='Buffer with name: &quot;ProductCode_FIBERACCESS_SITE2&quot; has been set to value: &quot;PS_000027&quot;',UsedValue='PS_000027'}&#xD;&#xA;+ Passed   ProductCode_ROUTER_SITE1 {LogInfo='Buffer with name: &quot;ProductCode_ROUTER_SITE1&quot; has been set to value: &quot;PS_000073&quot;',UsedValue='PS_000073'}&#xD;&#xA;+ Passed   ProductCode_ROUTER_SITE2 {LogInfo='Buffer with name: &quot;ProductCode_ROUTER_SITE2&quot; has been set to value: &quot;PS_000073&quot;',UsedValue='PS_000073'}&#xD;&#xA;+ Passed   ProductCode_ROUTER_MAINTENANCE_SITE1 {LogInfo='Buffer with name: &quot;ProductCode_ROUTER_MAINTENANCE_SITE1&quot; has been set to value: &quot;PS_000076&quot;',UsedValue='PS_000076'}&#xD;&#xA;+ Passed   ParentSpec_Maintenance_ROUTER_SITE1 {LogInfo='Buffer with name: &quot;ParentSpec_Maintenance_ROUTER_SITE1&quot; has been set to value: &quot;PS_000073&quot;',UsedValue='PS_000073'}&#xD;&#xA;+ Passed   ProductCode_ROUTER_MANAGEMENT_SITE1 {LogInfo='Buffer with name: &quot;ProductCode_ROUTER_MANAGEMENT_SITE1&quot; has been set to value: &quot;PS_000077&quot;',UsedValue='PS_000077'}&#xD;&#xA;+ Passed   ParentSpec_Management_ROUTER_SITE1 {LogInfo='Buffer with name: &quot;ParentSpec_Management_ROUTER_SITE1&quot; has been set to value: &quot;PS_000073&quot;',UsedValue='PS_000073'}&#xD;&#xA;+ Passed   ChildSpec_ProductCode_ROUTER_SITE1 {LogInfo='Buffer with name: &quot;ChildSpec_ProductCode_ROUTER_SITE1&quot; has been set to value: &quot;PS_000076,PS_000077&quot;',UsedValue='PS_000076,PS_000077'}&#xD;&#xA;+ Passed   ProductCode_ROUTER_MAINTENANCE_SITE2 {LogInfo='Buffer with name: &quot;ProductCode_ROUTER_MAINTENANCE_SITE2&quot; has been set to value: &quot;PS_000076&quot;',UsedValue='PS_000076'}&#xD;&#xA;+ Passed   ParentSpec_Maintenance_ROUTER_SITE2 {LogInfo='Buffer with name: &quot;ParentSpec_Maintenance_ROUTER_SITE2&quot; has been set to value: &quot;PS_000073&quot;',UsedValue='PS_000073'}&#xD;&#xA;+ Passed   ChildSpec_ProductCode_ROUTER_SITE2 {LogInfo='Buffer with name: &quot;ChildSpec_ProductCode_ROUTER_SITE2&quot; has been set to value: &quot;PS_000076,PS_000077&quot;',UsedValue='PS_000076,PS_000077'}&#xD;&#xA;+ Passed   ProductCode_ROUTER_MANAGEMENT_SITE2 {LogInfo='Buffer with name: &quot;ProductCode_ROUTER_MANAGEMENT_SITE2&quot; has been set to value: &quot;PS_000077&quot;',UsedValue='PS_000077'}&#xD;&#xA;+ Passed   ParentSpec_Management_ROUTER_SITE2 {LogInfo='Buffer with name: &quot;ParentSpec_Management_ROUTER_SITE2&quot; has been set to value: &quot;PS_000073&quot;',UsedValue='PS_000073'}&#xD;&#xA;+ Passed   ProductID_IPPORT_SITE1 {LogInfo='Buffer with name: &quot;ProductID_IPPORT_SITE1&quot; has been set to value: &quot;k1w11p15-6gs5-t7x8-78dw-lh0nt3u6dnl9&quot;',UsedValue='k1w11p15-6gs5-t7x8-78dw-lh0nt3u6dnl9'}&#xD;&#xA;+ Passed   ProductID_FIBERACCESS_SITE1 {LogInfo='Buffer with name: &quot;ProductID_FIBERACCESS_SITE1&quot; has been set to value: &quot;i1o16nfu-4v6v-5k90-eze6-yd096868f8m0&quot;',UsedValue='i1o16nfu-4v6v-5k90-eze6-yd096868f8m0'}&#xD;&#xA;+ Passed   ProductID_IPPORT_SITE2 {LogInfo='Buffer with name: &quot;ProductID_IPPORT_SITE2&quot; has been set to value: &quot;aqw0dd50-dz9b-0do2-43xx-43w8vxlxs48b&quot;',UsedValue='aqw0dd50-dz9b-0do2-43xx-43w8vxlxs48b'}&#xD;&#xA;+ Passed   ProductID_FIBERACCESS_SITE2 {LogInfo='Buffer with name: &quot;ProductID_FIBERACCESS_SITE2&quot; has been set to value: &quot;3f207sh1-3du8-j2el-sqyd-11l3dfc8q687&quot;',UsedValue='3f207sh1-3du8-j2el-sqyd-11l3dfc8q687'}&#xD;&#xA;+ Passed   ProductID_ROUTER_MAINTENANCE_SITE1 {LogInfo='Buffer with name: &quot;ProductID_ROUTER_MAINTENANCE_SITE1&quot; has been set to value: &quot;6h73fqce-wqp7-3lqv-ti56-xs27dp243j83&quot;',UsedValue='6h73fqce-wqp7-3lqv-ti56-xs27dp243j83'}&#xD;&#xA;+ Passed   ProductID_ROUTER_MANAGEMENT_SITE1 {LogInfo='Buffer with name: &quot;ProductID_ROUTER_MANAGEMENT_SITE1&quot; has been set to value: &quot;ei46v1e7-6g6w-n93v-iho2-xpv5i42kck56&quot;',UsedValue='ei46v1e7-6g6w-n93v-iho2-xpv5i42kck56'}&#xD;&#xA;+ Passed   ProductID_ROUTER_SITE1 {LogInfo='Buffer with name: &quot;ProductID_ROUTER_SITE1&quot; has been set to value: &quot;8ot710l6-9d6g-ii28-co06-ywm2dih77k3z&quot;',UsedValue='8ot710l6-9d6g-ii28-co06-ywm2dih77k3z'}&#xD;&#xA;+ Passed   ProductID_ROUTER_MAINTENANCE_SITE2 {LogInfo='Buffer with name: &quot;ProductID_ROUTER_MAINTENANCE_SITE2&quot; has been set to value: &quot;89ey46ya-9r54-345q-5aon-5066ml2d831c&quot;',UsedValue='89ey46ya-9r54-345q-5aon-5066ml2d831c'}&#xD;&#xA;+ Passed   ProductID_ROUTER_MANAGEMENT_SITE2 {LogInfo='Buffer with name: &quot;ProductID_ROUTER_MANAGEMENT_SITE2&quot; has been set to value: &quot;q8nw4527-xx46-6we5-irxj-lp6v8d6slypj&quot;',UsedValue='q8nw4527-xx46-6we5-irxj-lp6v8d6slypj'}&#xD;&#xA;+ Passed   ProductID_ROUTER_SITE2 {LogInfo='Buffer with name: &quot;ProductID_ROUTER_SITE2&quot; has been set to value: &quot;l8guh8gf-4622-a1my-f986-l4138re62koy&quot;',UsedValue='l8guh8gf-4622-a1my-f986-l4138re62koy'}&#xD;&#xA;+ Passed   OrderItemID_IPVPN {LogInfo='Buffer with name: &quot;OrderItemID_IPVPN&quot; has been set to value: &quot;ON00044597|SVC-000055786|z487vw21-3qqd-21fc-ghcp-gvix6z2mq0h7&quot;',UsedValue='ON00044597|SVC-000055786|z487vw21-3qqd-21fc-ghcp-gvix6z2mq0h7'}&#xD;&#xA;+ Passed   ServiceID_SITE2 {LogInfo='Buffer with name: &quot;ServiceID_SITE2&quot; has been set to value: &quot;SVC-000091087&quot;',UsedValue='SVC-000091087'}&#xD;&#xA;+ Passed   OrderItemID_ROUTER_SITE1 {LogInfo='Buffer with name: &quot;OrderItemID_ROUTER_SITE1&quot; has been set to value: &quot;ON00044597|SVC-000022356|8ot710l6-9d6g-ii28-co06-ywm2dih77k3z&quot;',UsedValue='ON00044597|SVC-000022356|8ot710l6-9d6g-ii28-co06-ywm2dih77k3z'}&#xD;&#xA;+ Passed   OrderItemID_ROUTER_SITE2 {LogInfo='Buffer with name: &quot;OrderItemID_ROUTER_SITE2&quot; has been set to value: &quot;ON00044597|SVC-000040384|l8guh8gf-4622-a1my-f986-l4138re62koy&quot;',UsedValue='ON00044597|SVC-000040384|l8guh8gf-4622-a1my-f986-l4138re62koy'}&#xD;&#xA;+ Passed   ServiceID_SITE1 {LogInfo='Buffer with name: &quot;ServiceID_SITE1&quot; has been set to value: &quot;SVC-000036876&quot;',UsedValue='SVC-000036876'}&#xD;&#xA;+ Passed   OrderItemID_FIBERACCESS_SITE1 {LogInfo='Buffer with name: &quot;OrderItemID_FIBERACCESS_SITE1&quot; has been set to value: &quot;ON00044597|SVC-000036876|i1o16nfu-4v6v-5k90-eze6-yd096868f8m0&quot;',UsedValue='ON00044597|SVC-000036876|i1o16nfu-4v6v-5k90-eze6-yd096868f8m0'}&#xD;&#xA;+ Passed   OrderItemID_IPPORT_SITE2 {LogInfo='Buffer with name: &quot;OrderItemID_IPPORT_SITE2&quot; has been set to value: &quot;ON00044597|SVC-000091087|aqw0dd50-dz9b-0do2-43xx-43w8vxlxs48b&quot;',UsedValue='ON00044597|SVC-000091087|aqw0dd50-dz9b-0do2-43xx-43w8vxlxs48b'}&#xD;&#xA;+ Passed   OrderItemID_FIBERACCESS_SITE2 {LogInfo='Buffer with name: &quot;OrderItemID_FIBERACCESS_SITE2&quot; has been set to value: &quot;ON00044597|SVC-000091087|3f207sh1-3du8-j2el-sqyd-11l3dfc8q687&quot;',UsedValue='ON00044597|SVC-000091087|3f207sh1-3du8-j2el-sqyd-11l3dfc8q687'}&#xD;&#xA;+ Passed   OrderItemID_IPPORT_SITE1 {LogInfo='Buffer with name: &quot;OrderItemID_IPPORT_SITE1&quot; has been set to value: &quot;ON00044597|SVC-000036876|k1w11p15-6gs5-t7x8-78dw-lh0nt3u6dnl9&quot;',UsedValue='ON00044597|SVC-000036876|k1w11p15-6gs5-t7x8-78dw-lh0nt3u6dnl9'}&#xD;&#xA;+ Passed   Product {LogInfo='Buffer with name: &quot;Product&quot; has been set to value: &quot;''IP VPN'',''IPVAS'',''UC Enterprise'',''Enterprise Internet'',''TIPT Group'',''Access'',''MDI'',''Site''&quot;',UsedValue='''IP VPN'',''IPVAS'',''UC Enterprise'',''Enterprise Internet'',''TIPT Group'',''Access'',''MDI'',''Site'''}&#xD;&#xA;+ Passed   ProductCode_UCE {LogInfo='Buffer with name: &quot;ProductCode_UCE&quot; has been set to value: &quot;PS_000087&quot;',UsedValue='PS_000087'}&#xD;&#xA;+ Passed   ProductID_UCE {LogInfo='Buffer with name: &quot;ProductID_UCE&quot; has been set to value: &quot;83n6pm6x-8u77-9yz1-6b68-b64lqd47xjpy&quot;',UsedValue='83n6pm6x-8u77-9yz1-6b68-b64lqd47xjpy'}&#xD;&#xA;+ Passed   OrderItemID_UCE {LogInfo='Buffer with name: &quot;OrderItemID_UCE&quot; has been set to value: &quot;ON00044597|SVC-000025134|83n6pm6x-8u77-9yz1-6b68-b64lqd47xjpy&quot;',UsedValue='ON00044597|SVC-000025134|83n6pm6x-8u77-9yz1-6b68-b64lqd47xjpy'}&#xD;&#xA;+ Passed   ProductCode_IPVAS {LogInfo='Buffer with name: &quot;ProductCode_IPVAS&quot; has been set to value: &quot;PS_000106&quot;',UsedValue='PS_000106'}&#xD;&#xA;+ Passed   ProductID_IPVAS {LogInfo='Buffer with name: &quot;ProductID_IPVAS&quot; has been set to value: &quot;dk6l86y3-kl6q-i443-96nb-yho1yt41w495&quot;',UsedValue='dk6l86y3-kl6q-i443-96nb-yho1yt41w495'}&#xD;&#xA;+ Passed   OrderItemID_IPVAS {LogInfo='Buffer with name: &quot;OrderItemID_IPVAS&quot; has been set to value: &quot;ON00044597|SVC-000096972|dk6l86y3-kl6q-i443-96nb-yho1yt41w495&quot;',UsedValue='ON00044597|SVC-000096972|dk6l86y3-kl6q-i443-96nb-yho1yt41w495'}&#xD;&#xA;+ Passed   ProductCode_EI {LogInfo='Buffer with name: &quot;ProductCode_EI&quot; has been set to value: &quot;PS_000114&quot;',UsedValue='PS_000114'}&#xD;&#xA;+ Passed   ProductID_EI {LogInfo='Buffer with name: &quot;ProductID_EI&quot; has been set to value: &quot;c7sp535g-ilgx-mm34-g287-f42398y75721&quot;',UsedValue='c7sp535g-ilgx-mm34-g287-f42398y75721'}&#xD;&#xA;+ Passed   OrderItemID_EI {LogInfo='Buffer with name: &quot;OrderItemID_EI&quot; has been set to value: &quot;ON00044597|SVC-000054059|c7sp535g-ilgx-mm34-g287-f42398y75721&quot;',UsedValue='ON00044597|SVC-000054059|c7sp535g-ilgx-mm34-g287-f42398y75721'}&#xD;&#xA;+ Passed   ProductCode_UCS_SITE1 {LogInfo='Buffer with name: &quot;ProductCode_UCS_SITE1&quot; has been set to value: &quot;PS_000104&quot;',UsedValue='PS_000104'}&#xD;&#xA;+ Passed   ProductCode_VN_SITE1 {LogInfo='Buffer with name: &quot;ProductCode_VN_SITE1&quot; has been set to value: &quot;PS_000109&quot;',UsedValue='PS_000109'}&#xD;&#xA;+ Passed   ProductID_UCS_SITE1 {LogInfo='Buffer with name: &quot;ProductID_UCS_SITE1&quot; has been set to value: &quot;g27jz498-d61u-v8za-25zh-ux912gbzlc1r&quot;',UsedValue='g27jz498-d61u-v8za-25zh-ux912gbzlc1r'}&#xD;&#xA;+ Passed   ProductID_VN_SITE1 {LogInfo='Buffer with name: &quot;ProductID_VN_SITE1&quot; has been set to value: &quot;7pd2ja4x-t83u-x7am-0k55-p512iah801ev&quot;',UsedValue='7pd2ja4x-t83u-x7am-0k55-p512iah801ev'}&#xD;&#xA;+ Passed   ProductCode_User_SITE1 {LogInfo='Buffer with name: &quot;ProductCode_User_SITE1&quot; has been set to value: &quot;PS_000074&quot;',UsedValue='PS_000074'}&#xD;&#xA;+ Passed   ProductID_User_SITE1 {LogInfo='Buffer with name: &quot;ProductID_User_SITE1&quot; has been set to value: &quot;7bs4j17t-y34m-66q4-u13i-316c4003t7fp&quot;',UsedValue='7bs4j17t-y34m-66q4-u13i-316c4003t7fp'}&#xD;&#xA;+ Passed   ChildSpec_ProductCode_UCS_SITE1 {LogInfo='Buffer with name: &quot;ChildSpec_ProductCode_UCS_SITE1&quot; has been set to value: &quot;PS_000074,PS_000109&quot;',UsedValue='PS_000074,PS_000109'}&#xD;&#xA;+ Passed   OrderItemID_UCS_SITE1 {LogInfo='Buffer with name: &quot;OrderItemID_UCS_SITE1&quot; has been set to value: &quot;ON00044597|SVC-000092837|g27jz498-d61u-v8za-25zh-ux912gbzlc1r&quot;',UsedValue='ON00044597|SVC-000092837|g27jz498-d61u-v8za-25zh-ux912gbzlc1r'}&#xD;&#xA;+ Passed   AppoinmentStartDate_SITE2 {LogInfo='Buffer with name: &quot;AppoinmentStartDate_SITE2&quot; has been set to value: &quot;2018-03-11T21:00:00+11:00&quot;',UsedValue='2018-03-11T21:00:00+11:00'}&#xD;&#xA;+ Passed   AppoinmentEndDate_SITE2 {LogInfo='Buffer with name: &quot;AppoinmentEndDate_SITE2&quot; has been set to value: &quot;2018-03-11T23:00:00+11:00&quot;',UsedValue='2018-03-11T23:00:00+11:00'}&#xD;&#xA;+ Passed   AppoinmentID_SITE1 {LogInfo='Buffer with name: &quot;AppoinmentID_SITE1&quot; has been set to value: &quot;6767&quot;',UsedValue='6767'}&#xD;&#xA;+ Passed   BillofMaterialID {LogInfo='Buffer with name: &quot;BillofMaterialID&quot; has been set to value: &quot;33c60afa-9903-4b76-b5a1-b4ac95e0bbb0&quot;',UsedValue='33c60afa-9903-4b76-b5a1-b4ac95e0bbb0'}&#xD;&#xA;+ Passed   CPEDeliveryDate {LogInfo='Buffer with name: &quot;CPEDeliveryDate&quot; has been set to value: &quot;2018-03-19&quot;',UsedValue='2018-03-19'}&#xD;&#xA;+ Passed   ProductCode_UCS_SITE2 {LogInfo='Buffer with name: &quot;ProductCode_UCS_SITE2&quot; has been set to value: &quot;PS_000104&quot;',UsedValue='PS_000104'}&#xD;&#xA;+ Passed   ProductCode_VN_SITE2 {LogInfo='Buffer with name: &quot;ProductCode_VN_SITE2&quot; has been set to value: &quot;PS_000109&quot;',UsedValue='PS_000109'}&#xD;&#xA;+ Passed   ProductID_UCS_SITE2 {LogInfo='Buffer with name: &quot;ProductID_UCS_SITE2&quot; has been set to value: &quot;726b7340-bo0i-s7e8-8a3y-u2o6b6m43d43&quot;',UsedValue='726b7340-bo0i-s7e8-8a3y-u2o6b6m43d43'}&#xD;&#xA;+ Passed   ProductID_VN_SITE2 {LogInfo='Buffer with name: &quot;ProductID_VN_SITE2&quot; has been set to value: &quot;7qv7t79e-471n-5o1d-8r75-l09s4b41q162&quot;',UsedValue='7qv7t79e-471n-5o1d-8r75-l09s4b41q162'}&#xD;&#xA;+ Passed   ProductCode_User_SITE2 {LogInfo='Buffer with name: &quot;ProductCode_User_SITE2&quot; has been set to value: &quot;PS_000074&quot;',UsedValue='PS_000074'}&#xD;&#xA;+ Passed   ProductID_User_SITE2 {LogInfo='Buffer with name: &quot;ProductID_User_SITE2&quot; has been set to value: &quot;3qpc3883-pbo9-170v-vxr5-1d5hy7eh3i5y&quot;',UsedValue='3qpc3883-pbo9-170v-vxr5-1d5hy7eh3i5y'}&#xD;&#xA;+ Passed   ChildSpec_ProductCode_UCS_SITE2 {LogInfo='Buffer with name: &quot;ChildSpec_ProductCode_UCS_SITE2&quot; has been set to value: &quot;PS_000074,PS_000109&quot;',UsedValue='PS_000074,PS_000109'}&#xD;&#xA;+ Passed   OrderItemID_UCS_SITE2 {LogInfo='Buffer with name: &quot;OrderItemID_UCS_SITE2&quot; has been set to value: &quot;ON00044597|SVC-000018310|726b7340-bo0i-s7e8-8a3y-u2o6b6m43d43&quot;',UsedValue='ON00044597|SVC-000018310|726b7340-bo0i-s7e8-8a3y-u2o6b6m43d43'}&#xD;&#xA;+ Passed   AppoinmentID_SITE2 {LogInfo='Buffer with name: &quot;AppoinmentID_SITE2&quot; has been set to value: &quot;888&quot;',UsedValue='888'}&#xD;&#xA;+ Passed   orderCreationDate {LogInfo='Buffer with name: &quot;orderCreationDate&quot; has been set to value: &quot;2018-03-12T09:47TZD&quot;',UsedValue='2018-03-12T09:47TZD'}&#xD;&#xA;+ Passed   AppoinmentStartDate_SITE1 {LogInfo='Buffer with name: &quot;AppoinmentStartDate_SITE1&quot; has been set to value: &quot;2018-03-11T21:00:00+11:00&quot;',UsedValue='2018-03-11T21:00:00+11:00'}&#xD;&#xA;+ Passed   AppoinmentEndDate_SITE1 {LogInfo='Buffer with name: &quot;AppoinmentEndDate_SITE1&quot; has been set to value: &quot;2018-03-11T23:00:00+11:00&quot;',UsedValue='2018-03-11T23:00:00+11:00'}&#xD;&#xA;+ Passed   NoOfSites {LogInfo='Buffer with name: &quot;NoOfSites&quot; has been set to value: &quot;2&quot;',UsedValue='2'}&#xD;&#xA;&#xD;&#xA;+ Passed  Insert Deatails into Dashboard_O2A {LogInfo='Successfully executed &quot;INSERT INTO dashboard_O2a(EXTERNALID, TESTCASENAME, RELATIVEPARTYID, TCSTARTTIME, PRODUCT, ORDERTYPE,ENVIRONMENT,NOOFSITE) VALUES ('ON00044597', 'IPVPN Manage Order Request - CWP-ConnectedDev','9135750076', '08/07/2018 09:47:56 PM', '''IP VPN'',''IPVAS'',''UC Enterprise'',''Enterprise Internet'',''TIPT Group'',''Access'',''MDI'',''Site''', 'Provide', 'ConnectedDev','2')&quot;.&#xD;&#xA;1 row(s) affected.'}&#xD;&#xA;+ Passed   Close connection {LogInfo='Successfully closed connection: &quot;TelstraEdge&quot;.'}&#xD;&#xA;&#xD;&#xA;+ Passed  IPVPN MultiSite Manager Order Request(14/03/2018)&#xD;&#xA;+ Passed   Request&#xD;&#xA;+ Passed   Communicate&#xD;&#xA;&#xD;&#xA;+ Passed  Verify IPVPN Response Satus Code&#xD;&#xA;+ Passed   IPVPN_MultiSite_ResponseCode {LogInfo='Verification was successful.&#xD;&#xA;Expected value == &quot;201 Created&quot;&#xD;&#xA;Actual value: &quot;201 Created&quot;',UsedValue='201 Created'}&#xD;&#xA;&#xD;&#xA;+ Passed  Update Manage Order Response O2A Dashboard {LogInfo='Successfully executed &quot;update dashboard_O2a set manageorderresponse= 'Success' where externalid = 'ON00044597'&quot;.&#xD;&#xA;1 row(s) affected.'}&#xD;&#xA;+ Passed   Close connection {LogInfo='Successfully closed connection: &quot;TelstraEdge&quot;.'}&#xD;&#xA;&#xD;&#xA;" />
      <testcase name="IPVPN Provide Multi Products -Validate Decomposition" time="152.6403765" timestamp="2018-07-08T21:48:29.3165622+10:00" log="- Failed IPVPN Provide Multi Products -Validate Decomposition {LogInfo='Execution will be continued with the next TestCase, because the error situation could not be recovered.'}&#xD;&#xA;+ Passed  Buffer Environment and  Delay Reason&#xD;&#xA;+ Passed   Environment {LogInfo='Buffer with name: &quot;Environment&quot; has been set to value: &quot;ConnectedDev&quot;',UsedValue='ConnectedDev'}&#xD;&#xA;+ Passed   ParentTestCase {LogInfo='Buffer with name: &quot;ParentTestCase&quot; has been set to value: &quot;IPVPN Manage Order Request - CWP-ConnectedDev&quot;',UsedValue='IPVPN Manage Order Request - CWP-ConnectedDev'}&#xD;&#xA;&#xD;&#xA;+ Passed  Set SyncTime&#xD;&#xA;+ Passed   DefaultSyncTime {LogInfo='Buffer with name: &quot;DefaultSyncTime&quot; has been set to value: &quot;80000&quot;',UsedValue='80000'}&#xD;&#xA;+ Passed   ReducedSyncTime {LogInfo='Buffer with name: &quot;ReducedSyncTime&quot; has been set to value: &quot;6000&quot;',UsedValue='6000'}&#xD;&#xA;+ Passed   SyncTime {LogInfo='Buffer with name: &quot;SyncTime&quot; has been set to value: &quot;80000&quot;',UsedValue='80000'}&#xD;&#xA;&#xD;&#xA;+ Passed  Set Browser&#xD;&#xA;+ Passed   Browser {LogInfo='Buffer with name: &quot;Browser&quot; has been set to value: &quot;InternetExplorer&quot;',UsedValue='InternetExplorer'}&#xD;&#xA;&#xD;&#xA;+ Passed  Verify Browser&#xD;&#xA;+ Passed   Browser {LogInfo='Verification was successful.&#xD;&#xA;Expected value == &quot;InternetExplorer&quot;&#xD;&#xA;Actual value: &quot;InternetExplorer&quot;',UsedValue='InternetExplorer'}&#xD;&#xA;&#xD;&#xA;+ Passed  Close all open IE Session {LogInfo='Started 'taskkill' with arguments '/im iexplore.exe /f''}&#xD;&#xA;+ Passed   Path {LogInfo='Process stopped after '0' minutes.'}&#xD;&#xA;&#xD;&#xA;+ Passed  Wait for IE to Close {LogInfo='Waited for &gt;2000&lt; milliseconds.'}&#xD;&#xA;&#xD;&#xA;+ Passed  Open IE with Amdocs URL {LogInfo='Started 'Iexplore.exe' with arguments 'https://som-b2b.staging2.nprod.cloud.corp.telstra.com:443/AmdocsOSS/Portal/''}&#xD;&#xA;&#xD;&#xA;+ Passed  Maximize the Screen&#xD;&#xA;&#xD;&#xA;+ Passed  Verify if Login Screen Exists&#xD;&#xA;+ Passed   Login {LogInfo='Verification was successful.&#xD;&#xA;Expected value == &quot;True&quot;&#xD;&#xA;Actual value: &quot;True&quot;',UsedValue='True'}&#xD;&#xA;&#xD;&#xA;+ Passed  Enter Credentials and Click Login&#xD;&#xA;+ Passed   Username {UsedValue='d698478'}&#xD;&#xA;+ Passed   Password {UsedValue='********'}&#xD;&#xA;+ Passed   Login&#xD;&#xA;&#xD;&#xA;+ Passed  Set SyncTime&#xD;&#xA;+ Passed   SyncTime {LogInfo='Buffer with name: &quot;SyncTime&quot; has been set to value: &quot;20000&quot;',UsedValue='20000'}&#xD;&#xA;&#xD;&#xA;- Failed  Verify SSO Page Exists {LogInfo='No matching tab was found.'}&#xD;&#xA;&#xD;&#xA;+ Passed  Set SyncTime&#xD;&#xA;+ Passed   SyncTime {LogInfo='Buffer with name: &quot;SyncTime&quot; has been set to value: &quot;80000&quot;',UsedValue='80000'}&#xD;&#xA;&#xD;&#xA;+ Passed  Wait for Order in AMDOCS {LogInfo='Waited for &gt;20000&lt; milliseconds.'}&#xD;&#xA;&#xD;&#xA;- Failed  Wait On Projects {LogInfo='No matching tab was found.'}&#xD;&#xA;&#xD;&#xA;+ Passed  Update Inuse as Yes in O2A Dashboard {LogInfo='Successfully executed &quot;update dashboard_o2a set inuse = null where externalid = 'ON00044597' and testcasename = 'IPVPN Manage Order Request - CWP-ConnectedDev'&quot;.&#xD;&#xA;1 row(s) affected.'}&#xD;&#xA;+ Passed   Close connection {LogInfo='Successfully closed connection: &quot;TelstraEdge&quot;.'}&#xD;&#xA;&#xD;&#xA;">
        <failure message="Test failure">- Failed IPVPN Provide Multi Products -Validate Decomposition {LogInfo='Execution will be continued with the next TestCase, because the error situation could not be recovered.'}
+ Passed  Buffer Environment and  Delay Reason
+ Passed   Environment {LogInfo='Buffer with name: "Environment" has been set to value: "ConnectedDev"',UsedValue='ConnectedDev'}
+ Passed   ParentTestCase {LogInfo='Buffer with name: "ParentTestCase" has been set to value: "IPVPN Manage Order Request - CWP-ConnectedDev"',UsedValue='IPVPN Manage Order Request - CWP-ConnectedDev'}

+ Passed  Set SyncTime
+ Passed   DefaultSyncTime {LogInfo='Buffer with name: "DefaultSyncTime" has been set to value: "80000"',UsedValue='80000'}
+ Passed   ReducedSyncTime {LogInfo='Buffer with name: "ReducedSyncTime" has been set to value: "6000"',UsedValue='6000'}
+ Passed   SyncTime {LogInfo='Buffer with name: "SyncTime" has been set to value: "80000"',UsedValue='80000'}

+ Passed  Set Browser
+ Passed   Browser {LogInfo='Buffer with name: "Browser" has been set to value: "InternetExplorer"',UsedValue='InternetExplorer'}

+ Passed  Verify Browser
+ Passed   Browser {LogInfo='Verification was successful.
Expected value == "InternetExplorer"
Actual value: "InternetExplorer"',UsedValue='InternetExplorer'}

+ Passed  Close all open IE Session {LogInfo='Started 'taskkill' with arguments '/im iexplore.exe /f''}
+ Passed   Path {LogInfo='Process stopped after '0' minutes.'}

+ Passed  Wait for IE to Close {LogInfo='Waited for &gt;2000&lt; milliseconds.'}

+ Passed  Open IE with Amdocs URL {LogInfo='Started 'Iexplore.exe' with arguments 'https://som-b2b.staging2.nprod.cloud.corp.telstra.com:443/AmdocsOSS/Portal/''}

+ Passed  Maximize the Screen

+ Passed  Verify if Login Screen Exists
+ Passed   Login {LogInfo='Verification was successful.
Expected value == "True"
Actual value: "True"',UsedValue='True'}

+ Passed  Enter Credentials and Click Login
+ Passed   Username {UsedValue='d698478'}
+ Passed   Password {UsedValue='********'}
+ Passed   Login

+ Passed  Set SyncTime
+ Passed   SyncTime {LogInfo='Buffer with name: "SyncTime" has been set to value: "20000"',UsedValue='20000'}

- Failed  Verify SSO Page Exists {LogInfo='No matching tab was found.'}

+ Passed  Set SyncTime
+ Passed   SyncTime {LogInfo='Buffer with name: "SyncTime" has been set to value: "80000"',UsedValue='80000'}

+ Passed  Wait for Order in AMDOCS {LogInfo='Waited for &gt;20000&lt; milliseconds.'}

- Failed  Wait On Projects {LogInfo='No matching tab was found.'}

+ Passed  Update Inuse as Yes in O2A Dashboard {LogInfo='Successfully executed "update dashboard_o2a set inuse = null where externalid = 'ON00044597' and testcasename = 'IPVPN Manage Order Request - CWP-ConnectedDev'".
1 row(s) affected.'}
+ Passed   Close connection {LogInfo='Successfully closed connection: "TelstraEdge".'}

</failure>
      </testcase>
    </testsuite>
    <testsuite name="R1 Order-81" tests="0" failures="0" time="24.8202364" timestamp="2018-07-08T21:51:11" id="39e776f1-335f-ce24-a3ec-3e1a29d1be0c" log="" />
    <testsuite name="Switch-24" tests="2" failures="2" time="266.6244513" timestamp="2018-07-08T21:52:37" id="39e776f1-3256-f8b7-bf80-cdb4b2ff4025" log="">
      <testcase name="Manage Order Request - Switch" time="1.466588" timestamp="2018-07-08T21:55:29.9974861+10:00" log="- Failed Manage Order Request - Switch {LogInfo='Execution will be continued with the next TestCase, because there was an error in the current TestCase.'}&#xD;&#xA;+ Passed  Delete All Buffer Values {LogInfo='Successfully deleted all Buffers!'}&#xD;&#xA;&#xD;&#xA;+ Passed  Login Service&#xD;&#xA;+ Passed   userID&#xD;&#xA;+ Passed   password&#xD;&#xA;+ Passed   Endpoint&#xD;&#xA;&#xD;&#xA;- Failed  Login Service Response {LogInfo='Cannot receive without a successful send'}&#xD;&#xA;&#xD;&#xA;">
        <failure message="Test failure">- Failed Manage Order Request - Switch {LogInfo='Execution will be continued with the next TestCase, because there was an error in the current TestCase.'}
+ Passed  Delete All Buffer Values {LogInfo='Successfully deleted all Buffers!'}

+ Passed  Login Service
+ Passed   userID
+ Passed   password
+ Passed   Endpoint

- Failed  Login Service Response {LogInfo='Cannot receive without a successful send'}

</failure>
      </testcase>
      <testcase name="Regression" time="60.348536" timestamp="2018-07-08T21:55:55.9436121+10:00" log="- Failed Regression {LogInfo='Execution will be continued with the next TestCase, because there was an error in the current TestCase.'}&#xD;&#xA;- Failed  Click On SALES Project {LogInfo='No matching tab was found.'}&#xD;&#xA;&#xD;&#xA;">
        <failure message="Test failure">- Failed Regression {LogInfo='Execution will be continued with the next TestCase, because there was an error in the current TestCase.'}
- Failed  Click On SALES Project {LogInfo='No matching tab was found.'}

</failure>
      </testcase>
    </testsuite>
  </testsuites>
</testResult>